<?xml version="1.0" encoding="UTF-8"?>
<testng-results skipped="0" failed="1" ignored="0" total="2" passed="1">
  <reporter-output>
  </reporter-output>
  <suite name="All Pet Store Tests" duration-ms="7445" started-at="2021-01-09T18:48:36 CET" finished-at="2021-01-09T18:48:43 CET">
    <groups>
    </groups>
    <test name="Negative Login Tests" duration-ms="6457" started-at="2021-01-09T18:48:36 CET" finished-at="2021-01-09T18:48:42 CET">
      <class name="tests.FailedLoginTests">
        <test-method status="PASS" signature="beforeClass()[pri:0, instance:tests.FailedLoginTests@6940f685]" name="beforeClass" is-config="true" duration-ms="43" started-at="2021-01-09T18:48:36 CET" finished-at="2021-01-09T18:48:36 CET">
          <reporter-output>
          </reporter-output>
        </test-method> <!-- beforeClass -->
        <test-method status="PASS" signature="beforeTest(driver.BrowserType)[pri:0, instance:tests.FailedLoginTests@6940f685]" name="beforeTest" is-config="true" duration-ms="4627" started-at="2021-01-09T18:48:36 CET" finished-at="2021-01-09T18:48:40 CET">
          <params>
            <param index="0">
              <value>
                <![CDATA[FIREFOX]]>
              </value>
            </param>
          </params>
          <reporter-output>
          </reporter-output>
        </test-method> <!-- beforeTest -->
        <test-method status="FAIL" signature="asUserTryToLogInWithIncorrectLoginAndPassword()[pri:0, instance:tests.FailedLoginTests@6940f685]" name="asUserTryToLogInWithIncorrectLoginAndPassword" duration-ms="816" started-at="2021-01-09T18:48:41 CET" finished-at="2021-01-09T18:48:41 CET">
          <exception class="java.lang.AssertionError">
            <message>
              <![CDATA[Element text was <Invalid username or password. Signon failed.> expecting to be <Invalid username or password. Signon failed..>!]]>
            </message>
            <full-stacktrace>
              <![CDATA[java.lang.AssertionError: Element text was <Invalid username or password. Signon failed.> expecting to be <Invalid username or password. Signon failed..>!
at page.object.LoginPage.assertThatWarningIsDisplayed(LoginPage.java:64)
at tests.FailedLoginTests.asUserTryToLogInWithIncorrectLoginAndPassword(FailedLoginTests.java:31)
at sun.reflect.NativeMethodAccessorImpl.invoke0(Native Method)
at sun.reflect.NativeMethodAccessorImpl.invoke(NativeMethodAccessorImpl.java:62)
at sun.reflect.DelegatingMethodAccessorImpl.invoke(DelegatingMethodAccessorImpl.java:43)
at java.lang.reflect.Method.invoke(Method.java:498)
at org.testng.internal.MethodInvocationHelper.invokeMethod(MethodInvocationHelper.java:133)
at org.testng.internal.TestInvoker.invokeMethod(TestInvoker.java:584)
at org.testng.internal.TestInvoker.invokeTestMethod(TestInvoker.java:172)
at org.testng.internal.MethodRunner.runInSequence(MethodRunner.java:46)
at org.testng.internal.TestInvoker$MethodInvocationAgent.invoke(TestInvoker.java:804)
at org.testng.internal.TestInvoker.invokeTestMethods(TestInvoker.java:145)
at org.testng.internal.TestMethodWorker.invokeTestMethods(TestMethodWorker.java:146)
at org.testng.internal.TestMethodWorker.run(TestMethodWorker.java:128)
at java.util.ArrayList.forEach(ArrayList.java:1257)
at org.testng.TestRunner.privateRun(TestRunner.java:770)
at org.testng.TestRunner.run(TestRunner.java:591)
at org.testng.SuiteRunner.runTest(SuiteRunner.java:402)
at org.testng.SuiteRunner.access$000(SuiteRunner.java:41)
at org.testng.SuiteRunner$SuiteWorker.run(SuiteRunner.java:443)
at org.testng.internal.thread.ThreadUtil.lambda$execute$0(ThreadUtil.java:67)
at java.util.concurrent.FutureTask.run(FutureTask.java:266)
at java.util.concurrent.ThreadPoolExecutor.runWorker(ThreadPoolExecutor.java:1149)
at java.util.concurrent.ThreadPoolExecutor$Worker.run(ThreadPoolExecutor.java:624)
at java.lang.Thread.run(Thread.java:748)
]]>
            </full-stacktrace>
          </exception> <!-- java.lang.AssertionError -->
          <reporter-output>
          </reporter-output>
        </test-method> <!-- asUserTryToLogInWithIncorrectLoginAndPassword -->
        <test-method status="PASS" signature="afterTest()[pri:0, instance:tests.FailedLoginTests@6940f685]" name="afterTest" is-config="true" duration-ms="667" started-at="2021-01-09T18:48:41 CET" finished-at="2021-01-09T18:48:42 CET">
          <reporter-output>
          </reporter-output>
        </test-method> <!-- afterTest -->
      </class> <!-- tests.FailedLoginTests -->
    </test> <!-- Negative Login Tests -->
    <test name="Positive Login Tests" duration-ms="7445" started-at="2021-01-09T18:48:36 CET" finished-at="2021-01-09T18:48:43 CET">
      <class name="tests.PositiveLoginTests">
        <test-method status="PASS" signature="beforeClass()[pri:0, instance:tests.PositiveLoginTests@2d23faef]" name="beforeClass" is-config="true" duration-ms="43" started-at="2021-01-09T18:48:36 CET" finished-at="2021-01-09T18:48:36 CET">
          <reporter-output>
          </reporter-output>
        </test-method> <!-- beforeClass -->
        <test-method status="PASS" signature="beforeTest(driver.BrowserType)[pri:0, instance:tests.PositiveLoginTests@2d23faef]" name="beforeTest" is-config="true" duration-ms="6427" started-at="2021-01-09T18:48:36 CET" finished-at="2021-01-09T18:48:42 CET">
          <params>
            <param index="0">
              <value>
                <![CDATA[CHROME]]>
              </value>
            </param>
          </params>
          <reporter-output>
          </reporter-output>
        </test-method> <!-- beforeTest -->
        <test-method status="PASS" signature="asUserLoginUsingValidLoginAndPassword()[pri:0, instance:tests.PositiveLoginTests@2d23faef]" name="asUserLoginUsingValidLoginAndPassword" duration-ms="856" started-at="2021-01-09T18:48:42 CET" finished-at="2021-01-09T18:48:43 CET">
          <reporter-output>
          </reporter-output>
        </test-method> <!-- asUserLoginUsingValidLoginAndPassword -->
        <test-method status="PASS" signature="afterTest()[pri:0, instance:tests.PositiveLoginTests@2d23faef]" name="afterTest" is-config="true" duration-ms="80" started-at="2021-01-09T18:48:43 CET" finished-at="2021-01-09T18:48:43 CET">
          <reporter-output>
          </reporter-output>
        </test-method> <!-- afterTest -->
      </class> <!-- tests.PositiveLoginTests -->
    </test> <!-- Positive Login Tests -->
  </suite> <!-- All Pet Store Tests -->
</testng-results>
